2025-05-27 09:19:29,771 INFO: Starting Flask application
2025-05-27 09:19:29,788 WARNING:  * Debugger is active!
2025-05-27 09:19:29,789 WARNING:  * Debugger is active!
2025-05-27 09:19:29,792 INFO:  * Debugger PIN: 796-097-285
2025-05-27 09:19:29,793 INFO: Starting Flask application
2025-05-27 09:19:29,814 WARNING:  * Debugger is active!
2025-05-27 09:19:29,820 INFO:  * Debugger PIN: 796-097-285
2025-05-27 09:19:43,746 INFO: Starting Flask application
2025-05-27 09:19:43,785 INFO: [31m[1mWARNING: This is a development server. Do not use it in a production deployment. Use a production WSGI server instead.[0m
 * Running on all addresses (0.0.0.0)
 * Running on http://127.0.0.1:5000
 * Running on http://192.168.12.57:5000
2025-05-27 09:19:43,786 INFO: [33mPress CTRL+C to quit[0m
2025-05-27 09:19:43,798 INFO:  * Restarting with watchdog (windowsapi)
2025-05-27 09:19:44,762 INFO: Starting Flask application
2025-05-27 09:19:44,783 WARNING:  * Debugger is active!
2025-05-27 09:19:44,785 INFO:  * Debugger PIN: 796-097-285
2025-05-27 09:20:04,417 INFO:  * Detected change in 'C:\\Sikma_project\\test_minimal.py', reloading
2025-05-27 09:20:04,417 INFO:  * Detected change in 'C:\\Sikma_project\\test_minimal.py', reloading
2025-05-27 09:20:04,418 INFO:  * Detected change in 'C:\\Sikma_project\\test_minimal.py', reloading
2025-05-27 09:20:05,297 INFO:  * Restarting with watchdog (windowsapi)
2025-05-27 09:20:07,383 INFO: Starting Flask application
2025-05-27 09:20:07,384 INFO: Starting Flask application
2025-05-27 09:20:07,405 WARNING:  * Debugger is active!
2025-05-27 09:20:07,406 WARNING:  * Debugger is active!
2025-05-27 09:20:07,409 INFO:  * Debugger PIN: 796-097-285
2025-05-27 09:20:07,410 INFO:  * Debugger PIN: 796-097-285
2025-05-27 09:20:07,444 INFO: Starting Flask application
2025-05-27 09:20:07,445 INFO: Starting Flask application
2025-05-27 09:20:07,473 WARNING:  * Debugger is active!
2025-05-27 09:20:07,473 WARNING:  * Debugger is active!
2025-05-27 09:20:07,476 INFO:  * Debugger PIN: 796-097-285
2025-05-27 09:21:13,139 INFO:  * Detected change in 'C:\\Sikma_project\\test_minimal.py', reloading
2025-05-27 09:21:13,139 INFO:  * Detected change in 'C:\\Sikma_project\\test_minimal.py', reloading
2025-05-27 09:21:13,140 INFO:  * Detected change in 'C:\\Sikma_project\\test_minimal.py', reloading
2025-05-27 09:21:13,141 INFO:  * Detected change in 'C:\\Sikma_project\\test_minimal.py', reloading
2025-05-27 09:21:13,141 INFO:  * Detected change in 'C:\\Sikma_project\\test_minimal.py', reloading
2025-05-27 09:21:13,141 INFO:  * Detected change in 'C:\\Sikma_project\\test_minimal.py', reloading
2025-05-27 09:21:13,142 INFO:  * Detected change in 'C:\\Sikma_project\\test_minimal.py', reloading
2025-05-27 09:21:14,042 INFO:  * Restarting with watchdog (windowsapi)
2025-05-27 09:21:15,280 INFO: Starting Flask application
2025-05-27 09:21:15,280 INFO: Starting Flask application
2025-05-27 09:21:15,280 INFO: Starting Flask application
2025-05-27 09:21:15,281 INFO: Starting Flask application
2025-05-27 09:21:15,305 WARNING:  * Debugger is active!
2025-05-27 09:21:15,305 WARNING:  * Debugger is active!
2025-05-27 09:21:15,309 INFO:  * Debugger PIN: 796-097-285
2025-05-27 09:21:15,309 INFO:  * Debugger PIN: 796-097-285
2025-05-27 09:21:15,310 INFO:  * Debugger PIN: 796-097-285
2025-05-27 09:21:34,418 INFO:  * Detected change in 'C:\\Sikma_project\\test_encoding.py', reloading
2025-05-27 09:21:34,418 INFO:  * Detected change in 'C:\\Sikma_project\\test_encoding.py', reloading
2025-05-27 09:21:34,418 INFO:  * Detected change in 'C:\\Sikma_project\\test_encoding.py', reloading
2025-05-27 09:21:34,418 INFO:  * Detected change in 'C:\\Sikma_project\\test_encoding.py', reloading
2025-05-27 09:21:35,934 INFO:  * Restarting with watchdog (windowsapi)
2025-05-27 09:21:38,460 INFO: Starting Flask application
2025-05-27 09:21:38,475 INFO: Starting Flask application
2025-05-27 09:21:38,477 INFO: Starting Flask application
2025-05-27 09:21:38,493 WARNING:  * Debugger is active!
2025-05-27 09:21:38,502 INFO:  * Debugger PIN: 796-097-285
2025-05-27 09:21:38,506 INFO: Starting Flask application
2025-05-27 09:21:38,522 WARNING:  * Debugger is active!
2025-05-27 09:21:38,529 INFO:  * Debugger PIN: 796-097-285
2025-05-27 09:21:38,529 INFO:  * Debugger PIN: 796-097-285
2025-05-27 09:21:38,549 WARNING:  * Debugger is active!
2025-05-27 09:21:38,555 INFO:  * Debugger PIN: 796-097-285
2025-05-27 09:22:44,959 INFO:  * Detected change in 'C:\\Sikma_project\\test_encoding.py', reloading
2025-05-27 09:22:44,959 INFO:  * Detected change in 'C:\\Sikma_project\\test_encoding.py', reloading
2025-05-27 09:22:44,959 INFO:  * Detected change in 'C:\\Sikma_project\\test_encoding.py', reloading
2025-05-27 09:22:44,964 INFO:  * Detected change in 'C:\\Sikma_project\\test_encoding.py', reloading
2025-05-27 09:22:44,964 INFO:  * Detected change in 'C:\\Sikma_project\\test_encoding.py', reloading
2025-05-27 09:22:44,964 INFO:  * Detected change in 'C:\\Sikma_project\\test_encoding.py', reloading
2025-05-27 09:22:44,965 INFO:  * Detected change in 'C:\\Sikma_project\\test_encoding.py', reloading
2025-05-27 09:22:44,965 INFO:  * Detected change in 'C:\\Sikma_project\\test_encoding.py', reloading
2025-05-27 09:22:44,965 INFO:  * Detected change in 'C:\\Sikma_project\\test_encoding.py', reloading
2025-05-27 09:22:44,965 INFO:  * Detected change in 'C:\\Sikma_project\\test_encoding.py', reloading
2025-05-27 09:22:46,145 INFO:  * Restarting with watchdog (windowsapi)
2025-05-27 09:22:47,168 INFO: Starting Flask application
2025-05-27 09:22:47,168 INFO: Starting Flask application
2025-05-27 09:22:47,185 WARNING:  * Debugger is active!
2025-05-27 09:22:47,187 WARNING:  * Debugger is active!
2025-05-27 09:22:47,190 INFO:  * Debugger PIN: 796-097-285
2025-05-27 09:22:47,190 INFO: Starting Flask application
2025-05-27 09:22:47,191 INFO:  * Debugger PIN: 796-097-285
2025-05-27 09:22:47,205 INFO: Starting Flask application
2025-05-27 09:22:47,212 WARNING:  * Debugger is active!
2025-05-27 09:22:47,218 INFO:  * Debugger PIN: 796-097-285
2025-05-27 09:22:47,229 WARNING:  * Debugger is active!
2025-05-27 09:22:47,232 INFO:  * Debugger PIN: 796-097-285
2025-05-27 09:23:21,214 INFO:  * Detected change in 'C:\\Sikma_project\\app.py', reloading
2025-05-27 09:23:21,214 INFO:  * Detected change in 'C:\\Sikma_project\\app.py', reloading
2025-05-27 09:23:21,214 INFO:  * Detected change in 'C:\\Sikma_project\\app.py', reloading
2025-05-27 09:23:21,216 INFO:  * Detected change in 'C:\\Sikma_project\\app.py', reloading
2025-05-27 09:23:21,216 INFO:  * Detected change in 'C:\\Sikma_project\\app.py', reloading
2025-05-27 09:23:21,957 INFO:  * Restarting with watchdog (windowsapi)
2025-05-27 09:23:49,730 INFO:  * Restarting with watchdog (windowsapi)
2025-05-27 09:23:59,186 INFO:  * Restarting with watchdog (windowsapi)
2025-05-27 09:24:13,463 INFO:  * Restarting with watchdog (windowsapi)
2025-05-27 09:24:21,031 INFO:  * Restarting with watchdog (windowsapi)
2025-05-27 09:24:31,937 INFO:  * Restarting with watchdog (windowsapi)
2025-05-27 09:25:52,472 INFO:  * Restarting with watchdog (windowsapi)
2025-05-27 09:26:45,272 INFO:  * Restarting with watchdog (windowsapi)
2025-05-27 09:27:30,339 INFO:  * Restarting with watchdog (windowsapi)
2025-05-27 09:28:07,319 INFO:  * Restarting with watchdog (windowsapi)
2025-05-27 09:29:53,106 INFO:  * Restarting with watchdog (windowsapi)
2025-05-27 09:31:21,270 INFO:  * Restarting with watchdog (windowsapi)
2025-05-27 09:31:41,184 INFO:  * Restarting with watchdog (windowsapi)
2025-05-27 09:32:01,058 INFO:  * Restarting with watchdog (windowsapi)
2025-05-27 09:32:13,063 INFO:  * Restarting with watchdog (windowsapi)
2025-05-27 09:32:53,534 INFO:  * Restarting with watchdog (windowsapi)
2025-05-27 09:33:34,348 INFO:  * Restarting with watchdog (windowsapi)
2025-05-27 09:33:55,288 INFO:  * Restarting with watchdog (windowsapi)
